<?xml version="1.0" encoding="UTF-8"?>
<testng-results ignored="0" total="3" passed="2" failed="1" skipped="0">
  <reporter-output>
  </reporter-output>
  <suite started-at="2024-06-19T23:28:44 IST" name="All Test Suite" finished-at="2024-06-19T23:29:43 IST" duration-ms="58158">
    <groups>
      <group name="Sanity">
        <method signature="TestVWOLoginPOMBaseTest.testLoginNegative()[pri:1, instance:org.piyush.tests.TestVWOLoginPOMBaseTest@1af2d44a]" name="testLoginNegative" class="org.piyush.tests.TestVWOLoginPOMBaseTest"/>
        <method signature="TestVWOLoginPOMBaseTest.testLoginPositive()[pri:2, instance:org.piyush.tests.TestVWOLoginPOMBaseTest@1af2d44a]" name="testLoginPositive" class="org.piyush.tests.TestVWOLoginPOMBaseTest"/>
        <method signature="TestVWOLoginPOMBaseTest.testDashboardPage()[pri:3, instance:org.piyush.tests.TestVWOLoginPOMBaseTest@1af2d44a]" name="testDashboardPage" class="org.piyush.tests.TestVWOLoginPOMBaseTest"/>
      </group> <!-- Sanity -->
    </groups>
    <test started-at="2024-06-19T23:28:44 IST" name="C:/Users/piyus/SeleniumWebAutomationFramework001/src/test/java/org/piyush/tests/TestVWOLoginPOMBaseTest.java" finished-at="2024-06-19T23:29:43 IST" duration-ms="58158">
      <class name="org.piyush.tests.TestVWOLoginPOMBaseTest">
        <test-method is-config="true" signature="setUp()[pri:0, instance:org.piyush.tests.TestVWOLoginPOMBaseTest@1af2d44a]" started-at="2024-06-19T23:28:44 IST" name="setUp" finished-at="2024-06-19T23:28:49 IST" duration-ms="4276" status="PASS">
          <reporter-output>
          </reporter-output>
        </test-method> <!-- setUp -->
        <test-method signature="testLoginNegative()[pri:1, instance:org.piyush.tests.TestVWOLoginPOMBaseTest@1af2d44a]" started-at="2024-06-19T23:28:49 IST" name="testLoginNegative" finished-at="2024-06-19T23:29:01 IST" duration-ms="12273" status="PASS">
          <reporter-output>
          </reporter-output>
        </test-method> <!-- testLoginNegative -->
        <test-method is-config="true" signature="tearDown()[pri:0, instance:org.piyush.tests.TestVWOLoginPOMBaseTest@1af2d44a]" started-at="2024-06-19T23:29:01 IST" name="tearDown" finished-at="2024-06-19T23:29:03 IST" duration-ms="1545" status="PASS">
          <reporter-output>
          </reporter-output>
        </test-method> <!-- tearDown -->
        <test-method is-config="true" signature="setUp()[pri:0, instance:org.piyush.tests.TestVWOLoginPOMBaseTest@1af2d44a]" started-at="2024-06-19T23:29:03 IST" name="setUp" finished-at="2024-06-19T23:29:05 IST" duration-ms="1782" status="PASS">
          <reporter-output>
          </reporter-output>
        </test-method> <!-- setUp -->
        <test-method signature="testLoginPositive()[pri:2, instance:org.piyush.tests.TestVWOLoginPOMBaseTest@1af2d44a]" started-at="2024-06-19T23:29:05 IST" name="testLoginPositive" finished-at="2024-06-19T23:29:36 IST" duration-ms="31320" status="FAIL">
          <exception class="org.openqa.selenium.TimeoutException">
            <message>
              <![CDATA[Expected condition failed: waiting for presence of element located by: By.cssSelector: [data-qa='lufexuloga'] (tried for 20 second(s) with 500 milliseconds interval)]]>
            </message>
            <full-stacktrace>
              <![CDATA[org.openqa.selenium.TimeoutException: Expected condition failed: waiting for presence of element located by: By.cssSelector: [data-qa='lufexuloga'] (tried for 20 second(s) with 500 milliseconds interval)
at org.openqa.selenium.support.ui.WebDriverWait.timeoutException(WebDriverWait.java:84)
at org.openqa.selenium.support.ui.FluentWait.until(FluentWait.java:228)
at org.piyush.base.CommonToAllPage.presenceOfElement(CommonToAllPage.java:43)
at org.piyush.pages.pageObjectModel.dashboardPage_POM.loggedInUserName(dashboardPage_POM.java:16)
at org.piyush.tests.TestVWOLoginPOMBaseTest.testLoginPositive(TestVWOLoginPOMBaseTest.java:34)
at java.base/jdk.internal.reflect.NativeMethodAccessorImpl.invoke0(Native Method)
at java.base/jdk.internal.reflect.NativeMethodAccessorImpl.invoke(NativeMethodAccessorImpl.java:64)
at java.base/jdk.internal.reflect.DelegatingMethodAccessorImpl.invoke(DelegatingMethodAccessorImpl.java:43)
at java.base/java.lang.reflect.Method.invoke(Method.java:564)
at org.testng.internal.invokers.MethodInvocationHelper.invokeMethod(MethodInvocationHelper.java:139)
at org.testng.internal.invokers.TestInvoker.invokeMethod(TestInvoker.java:664)
at org.testng.internal.invokers.TestInvoker.invokeTestMethod(TestInvoker.java:228)
at org.testng.internal.invokers.MethodRunner.runInSequence(MethodRunner.java:63)
at org.testng.internal.invokers.TestInvoker$MethodInvocationAgent.invoke(TestInvoker.java:961)
at org.testng.internal.invokers.TestInvoker.invokeTestMethods(TestInvoker.java:201)
at org.testng.internal.invokers.TestMethodWorker.invokeTestMethods(TestMethodWorker.java:148)
at org.testng.internal.invokers.TestMethodWorker.run(TestMethodWorker.java:128)
at java.base/java.util.ArrayList.forEach(ArrayList.java:1511)
at org.testng.TestRunner.privateRun(TestRunner.java:819)
at org.testng.TestRunner.run(TestRunner.java:619)
at org.testng.SuiteRunner.runTest(SuiteRunner.java:443)
at org.testng.SuiteRunner.runSequentially(SuiteRunner.java:437)
at org.testng.SuiteRunner.privateRun(SuiteRunner.java:397)
at org.testng.SuiteRunner.run(SuiteRunner.java:336)
at org.testng.SuiteRunnerWorker.runSuite(SuiteRunnerWorker.java:52)
at org.testng.SuiteRunnerWorker.run(SuiteRunnerWorker.java:95)
at org.testng.TestNG.runSuitesSequentially(TestNG.java:1301)
at org.testng.TestNG.runSuitesLocally(TestNG.java:1228)
at org.testng.TestNG.runSuites(TestNG.java:1134)
at org.testng.TestNG.run(TestNG.java:1101)
at com.intellij.rt.testng.IDEARemoteTestNG.run(IDEARemoteTestNG.java:66)
at com.intellij.rt.testng.RemoteTestNGStarter.main(RemoteTestNGStarter.java:109)
Caused by: org.openqa.selenium.NoSuchElementException: no such element: Unable to locate element: {"method":"css selector","selector":"[data-qa='lufexuloga']"}
  (Session info: MicrosoftEdge=126.0.2592.61)
For documentation on this error, please visit: https://www.selenium.dev/documentation/webdriver/troubleshooting/errors#no-such-element-exception
Build info: version: '4.21.0', revision: '79ed462ef4'
System info: os.name: 'Windows 10', os.arch: 'amd64', os.version: '10.0', java.version: '15.0.2'
Driver info: org.openqa.selenium.edge.EdgeDriver
Command: [cb893da41f65563977b677d038e3fca8, findElement {value=[data-qa='lufexuloga'], using=css selector}]
Capabilities {acceptInsecureCerts: false, browserName: MicrosoftEdge, browserVersion: 126.0.2592.61, fedcm:accounts: true, ms:edgeOptions: {debuggerAddress: localhost:58254}, msedge: {msedgedriverVersion: 126.0.2592.61 (12efce1c0fb4..., userDataDir: C:\Users\piyus\AppData\Loca...}, networkConnectionEnabled: false, pageLoadStrategy: normal, platformName: windows, proxy: Proxy(), se:cdp: ws://localhost:58254/devtoo..., se:cdpVersion: 126.0.2592.61, setWindowRect: true, strictFileInteractability: false, timeouts: {implicit: 0, pageLoad: 300000, script: 30000}, unhandledPromptBehavior: dismiss and notify, webauthn:extension:credBlob: true, webauthn:extension:largeBlob: true, webauthn:extension:minPinLength: true, webauthn:extension:prf: true, webauthn:virtualAuthenticators: true}
Session ID: cb893da41f65563977b677d038e3fca8
at jdk.internal.reflect.GeneratedConstructorAccessor11.newInstance(Unknown Source)
at java.base/jdk.internal.reflect.DelegatingConstructorAccessorImpl.newInstance(DelegatingConstructorAccessorImpl.java:45)
at java.base/java.lang.reflect.Constructor.newInstanceWithCaller(Constructor.java:500)
at java.base/java.lang.reflect.Constructor.newInstance(Constructor.java:481)
at org.openqa.selenium.remote.ErrorCodec.decode(ErrorCodec.java:167)
at org.openqa.selenium.remote.codec.w3c.W3CHttpResponseCodec.decode(W3CHttpResponseCodec.java:138)
at org.openqa.selenium.remote.codec.w3c.W3CHttpResponseCodec.decode(W3CHttpResponseCodec.java:50)
at org.openqa.selenium.remote.HttpCommandExecutor.execute(HttpCommandExecutor.java:190)
at org.openqa.selenium.remote.service.DriverCommandExecutor.invokeExecute(DriverCommandExecutor.java:216)
at org.openqa.selenium.remote.service.DriverCommandExecutor.execute(DriverCommandExecutor.java:174)
at org.openqa.selenium.remote.RemoteWebDriver.execute(RemoteWebDriver.java:518)
at org.openqa.selenium.remote.ElementLocation$ElementFinder$2.findElement(ElementLocation.java:165)
at org.openqa.selenium.remote.ElementLocation.findElement(ElementLocation.java:59)
at org.openqa.selenium.remote.RemoteWebDriver.findElement(RemoteWebDriver.java:355)
at org.openqa.selenium.remote.RemoteWebDriver.findElement(RemoteWebDriver.java:349)
at org.openqa.selenium.support.ui.ExpectedConditions$6.apply(ExpectedConditions.java:171)
at org.openqa.selenium.support.ui.ExpectedConditions$6.apply(ExpectedConditions.java:168)
at org.openqa.selenium.support.ui.FluentWait.until(FluentWait.java:203)
... 30 more
]]>
            </full-stacktrace>
          </exception> <!-- org.openqa.selenium.TimeoutException -->
          <reporter-output>
          </reporter-output>
        </test-method> <!-- testLoginPositive -->
        <test-method is-config="true" signature="tearDown()[pri:0, instance:org.piyush.tests.TestVWOLoginPOMBaseTest@1af2d44a]" started-at="2024-06-19T23:29:36 IST" name="tearDown" finished-at="2024-06-19T23:29:39 IST" duration-ms="2849" status="PASS">
          <reporter-output>
          </reporter-output>
        </test-method> <!-- tearDown -->
        <test-method is-config="true" signature="setUp()[pri:0, instance:org.piyush.tests.TestVWOLoginPOMBaseTest@1af2d44a]" started-at="2024-06-19T23:29:39 IST" name="setUp" finished-at="2024-06-19T23:29:41 IST" duration-ms="2450" status="PASS">
          <reporter-output>
          </reporter-output>
        </test-method> <!-- setUp -->
        <test-method signature="testDashboardPage()[pri:3, instance:org.piyush.tests.TestVWOLoginPOMBaseTest@1af2d44a]" started-at="2024-06-19T23:29:41 IST" name="testDashboardPage" finished-at="2024-06-19T23:29:41 IST" duration-ms="3" status="PASS">
          <reporter-output>
          </reporter-output>
        </test-method> <!-- testDashboardPage -->
        <test-method is-config="true" signature="tearDown()[pri:0, instance:org.piyush.tests.TestVWOLoginPOMBaseTest@1af2d44a]" started-at="2024-06-19T23:29:41 IST" name="tearDown" finished-at="2024-06-19T23:29:43 IST" duration-ms="1437" status="PASS">
          <reporter-output>
          </reporter-output>
        </test-method> <!-- tearDown -->
      </class> <!-- org.piyush.tests.TestVWOLoginPOMBaseTest -->
    </test> <!-- C:/Users/piyus/SeleniumWebAutomationFramework001/src/test/java/org/piyush/tests/TestVWOLoginPOMBaseTest.java -->
  </suite> <!-- All Test Suite -->
</testng-results>
